<?xml version="1.0" encoding="UTF-8"?>
<!-- Generated by org.testng.reporters.JUnitReportReporter -->
<testsuite skipped="0" hostname="DESKTOP-N308L1J" name="test.LoginTest" tests="1" failures="0" timestamp="17 Jul 2022 18:15:31 GMT" time="16.178" errors="0">
  <testcase name="validUserShouldBeAbleToLogin" time="16.178" classname="test.LoginTest"/>
</testsuite> <!-- test.LoginTest -->
