<?xml version="1.0" encoding="UTF-8"?>
<!-- Generated by org.testng.reporters.JUnitReportReporter -->
<testsuite skipped="0" hostname="DESKTOP-N308L1J" name="test.AddCustomerTest" tests="1" failures="0" timestamp="17 Jul 2022 18:30:28 GMT" time="30.106" errors="0">
  <testcase name="userShouldBeAbleToCreateNewCustomer" time="30.106" classname="test.AddCustomerTest"/>
</testsuite> <!-- test.AddCustomerTest -->
